Copyright 1986-2019 Xilinx, Inc. All Rights Reserved.
--------------------------------------------------------------------------------------------------------------------------------------------------------------------------------------------------
| Tool Version : Vivado v.2019.2 (win64) Build 2708876 Wed Nov  6 21:40:23 MST 2019
| Date         : Thu Mar 11 16:25:12 2021
| Host         : DESKTOP-KP8EMEH running 64-bit major release  (build 9200)
| Command      : report_methodology -file LogisimToplevelShell_methodology_drc_routed.rpt -pb LogisimToplevelShell_methodology_drc_routed.pb -rpx LogisimToplevelShell_methodology_drc_routed.rpx
| Design       : LogisimToplevelShell
| Device       : xc7a100tcsg324-1
| Speed File   : -1
| Design State : Fully Routed
--------------------------------------------------------------------------------------------------------------------------------------------------------------------------------------------------

Report Methodology

Table of Contents
-----------------
1. REPORT SUMMARY
2. REPORT DETAILS

1. REPORT SUMMARY
-----------------
            Netlist: netlist
          Floorplan: design_1
      Design limits: <entire design considered>
             Max violations: <unlimited>
             Violations found: 197
+-----------+------------------+-------------------------------+------------+
| Rule      | Severity         | Description                   | Violations |
+-----------+------------------+-------------------------------+------------+
| TIMING-17 | Critical Warning | Non-clocked sequential cell   | 109        |
| TIMING-16 | Warning          | Large setup violation         | 78         |
| TIMING-18 | Warning          | Missing input or output delay | 10         |
+-----------+------------------+-------------------------------+------------+

2. REPORT DETAILS
-----------------
TIMING-17#1 Critical Warning
Non-clocked sequential cell  
The clock pin MIPS_CPU_0/FPGADigit_1/u_counter/out_reg[0]/C is not reached by a timing clock
Related violations: <none>

TIMING-17#2 Critical Warning
Non-clocked sequential cell  
The clock pin MIPS_CPU_0/FPGADigit_1/u_counter/out_reg[1]/C is not reached by a timing clock
Related violations: <none>

TIMING-17#3 Critical Warning
Non-clocked sequential cell  
The clock pin MIPS_CPU_0/FPGADigit_1/u_counter/out_reg[2]/C is not reached by a timing clock
Related violations: <none>

TIMING-17#4 Critical Warning
Non-clocked sequential cell  
The clock pin MIPS_CPU_0/MIPS_Regifile_1/registers_reg_r1_0_31_0_5/RAMA/CLK is not reached by a timing clock
Related violations: <none>

TIMING-17#5 Critical Warning
Non-clocked sequential cell  
The clock pin MIPS_CPU_0/MIPS_Regifile_1/registers_reg_r1_0_31_0_5/RAMA_D1/CLK is not reached by a timing clock
Related violations: <none>

TIMING-17#6 Critical Warning
Non-clocked sequential cell  
The clock pin MIPS_CPU_0/MIPS_Regifile_1/registers_reg_r1_0_31_0_5/RAMB/CLK is not reached by a timing clock
Related violations: <none>

TIMING-17#7 Critical Warning
Non-clocked sequential cell  
The clock pin MIPS_CPU_0/MIPS_Regifile_1/registers_reg_r1_0_31_0_5/RAMB_D1/CLK is not reached by a timing clock
Related violations: <none>

TIMING-17#8 Critical Warning
Non-clocked sequential cell  
The clock pin MIPS_CPU_0/MIPS_Regifile_1/registers_reg_r1_0_31_0_5/RAMC/CLK is not reached by a timing clock
Related violations: <none>

TIMING-17#9 Critical Warning
Non-clocked sequential cell  
The clock pin MIPS_CPU_0/MIPS_Regifile_1/registers_reg_r1_0_31_0_5/RAMC_D1/CLK is not reached by a timing clock
Related violations: <none>

TIMING-17#10 Critical Warning
Non-clocked sequential cell  
The clock pin MIPS_CPU_0/MIPS_Regifile_1/registers_reg_r1_0_31_0_5/RAMD/CLK is not reached by a timing clock
Related violations: <none>

TIMING-17#11 Critical Warning
Non-clocked sequential cell  
The clock pin MIPS_CPU_0/MIPS_Regifile_1/registers_reg_r1_0_31_0_5/RAMD_D1/CLK is not reached by a timing clock
Related violations: <none>

TIMING-17#12 Critical Warning
Non-clocked sequential cell  
The clock pin MIPS_CPU_0/MIPS_Regifile_1/registers_reg_r1_0_31_12_17/RAMA/CLK is not reached by a timing clock
Related violations: <none>

TIMING-17#13 Critical Warning
Non-clocked sequential cell  
The clock pin MIPS_CPU_0/MIPS_Regifile_1/registers_reg_r1_0_31_12_17/RAMA_D1/CLK is not reached by a timing clock
Related violations: <none>

TIMING-17#14 Critical Warning
Non-clocked sequential cell  
The clock pin MIPS_CPU_0/MIPS_Regifile_1/registers_reg_r1_0_31_12_17/RAMB/CLK is not reached by a timing clock
Related violations: <none>

TIMING-17#15 Critical Warning
Non-clocked sequential cell  
The clock pin MIPS_CPU_0/MIPS_Regifile_1/registers_reg_r1_0_31_12_17/RAMB_D1/CLK is not reached by a timing clock
Related violations: <none>

TIMING-17#16 Critical Warning
Non-clocked sequential cell  
The clock pin MIPS_CPU_0/MIPS_Regifile_1/registers_reg_r1_0_31_12_17/RAMC/CLK is not reached by a timing clock
Related violations: <none>

TIMING-17#17 Critical Warning
Non-clocked sequential cell  
The clock pin MIPS_CPU_0/MIPS_Regifile_1/registers_reg_r1_0_31_12_17/RAMC_D1/CLK is not reached by a timing clock
Related violations: <none>

TIMING-17#18 Critical Warning
Non-clocked sequential cell  
The clock pin MIPS_CPU_0/MIPS_Regifile_1/registers_reg_r1_0_31_12_17/RAMD/CLK is not reached by a timing clock
Related violations: <none>

TIMING-17#19 Critical Warning
Non-clocked sequential cell  
The clock pin MIPS_CPU_0/MIPS_Regifile_1/registers_reg_r1_0_31_12_17/RAMD_D1/CLK is not reached by a timing clock
Related violations: <none>

TIMING-17#20 Critical Warning
Non-clocked sequential cell  
The clock pin MIPS_CPU_0/MIPS_Regifile_1/registers_reg_r1_0_31_18_23/RAMA/CLK is not reached by a timing clock
Related violations: <none>

TIMING-17#21 Critical Warning
Non-clocked sequential cell  
The clock pin MIPS_CPU_0/MIPS_Regifile_1/registers_reg_r1_0_31_18_23/RAMA_D1/CLK is not reached by a timing clock
Related violations: <none>

TIMING-17#22 Critical Warning
Non-clocked sequential cell  
The clock pin MIPS_CPU_0/MIPS_Regifile_1/registers_reg_r1_0_31_18_23/RAMB/CLK is not reached by a timing clock
Related violations: <none>

TIMING-17#23 Critical Warning
Non-clocked sequential cell  
The clock pin MIPS_CPU_0/MIPS_Regifile_1/registers_reg_r1_0_31_18_23/RAMB_D1/CLK is not reached by a timing clock
Related violations: <none>

TIMING-17#24 Critical Warning
Non-clocked sequential cell  
The clock pin MIPS_CPU_0/MIPS_Regifile_1/registers_reg_r1_0_31_18_23/RAMC/CLK is not reached by a timing clock
Related violations: <none>

TIMING-17#25 Critical Warning
Non-clocked sequential cell  
The clock pin MIPS_CPU_0/MIPS_Regifile_1/registers_reg_r1_0_31_18_23/RAMC_D1/CLK is not reached by a timing clock
Related violations: <none>

TIMING-17#26 Critical Warning
Non-clocked sequential cell  
The clock pin MIPS_CPU_0/MIPS_Regifile_1/registers_reg_r1_0_31_18_23/RAMD/CLK is not reached by a timing clock
Related violations: <none>

TIMING-17#27 Critical Warning
Non-clocked sequential cell  
The clock pin MIPS_CPU_0/MIPS_Regifile_1/registers_reg_r1_0_31_18_23/RAMD_D1/CLK is not reached by a timing clock
Related violations: <none>

TIMING-17#28 Critical Warning
Non-clocked sequential cell  
The clock pin MIPS_CPU_0/MIPS_Regifile_1/registers_reg_r1_0_31_24_29/RAMA/CLK is not reached by a timing clock
Related violations: <none>

TIMING-17#29 Critical Warning
Non-clocked sequential cell  
The clock pin MIPS_CPU_0/MIPS_Regifile_1/registers_reg_r1_0_31_24_29/RAMA_D1/CLK is not reached by a timing clock
Related violations: <none>

TIMING-17#30 Critical Warning
Non-clocked sequential cell  
The clock pin MIPS_CPU_0/MIPS_Regifile_1/registers_reg_r1_0_31_24_29/RAMB/CLK is not reached by a timing clock
Related violations: <none>

TIMING-17#31 Critical Warning
Non-clocked sequential cell  
The clock pin MIPS_CPU_0/MIPS_Regifile_1/registers_reg_r1_0_31_24_29/RAMB_D1/CLK is not reached by a timing clock
Related violations: <none>

TIMING-17#32 Critical Warning
Non-clocked sequential cell  
The clock pin MIPS_CPU_0/MIPS_Regifile_1/registers_reg_r1_0_31_24_29/RAMC/CLK is not reached by a timing clock
Related violations: <none>

TIMING-17#33 Critical Warning
Non-clocked sequential cell  
The clock pin MIPS_CPU_0/MIPS_Regifile_1/registers_reg_r1_0_31_24_29/RAMC_D1/CLK is not reached by a timing clock
Related violations: <none>

TIMING-17#34 Critical Warning
Non-clocked sequential cell  
The clock pin MIPS_CPU_0/MIPS_Regifile_1/registers_reg_r1_0_31_24_29/RAMD/CLK is not reached by a timing clock
Related violations: <none>

TIMING-17#35 Critical Warning
Non-clocked sequential cell  
The clock pin MIPS_CPU_0/MIPS_Regifile_1/registers_reg_r1_0_31_24_29/RAMD_D1/CLK is not reached by a timing clock
Related violations: <none>

TIMING-17#36 Critical Warning
Non-clocked sequential cell  
The clock pin MIPS_CPU_0/MIPS_Regifile_1/registers_reg_r1_0_31_30_31/RAMA/CLK is not reached by a timing clock
Related violations: <none>

TIMING-17#37 Critical Warning
Non-clocked sequential cell  
The clock pin MIPS_CPU_0/MIPS_Regifile_1/registers_reg_r1_0_31_30_31/RAMA_D1/CLK is not reached by a timing clock
Related violations: <none>

TIMING-17#38 Critical Warning
Non-clocked sequential cell  
The clock pin MIPS_CPU_0/MIPS_Regifile_1/registers_reg_r1_0_31_30_31/RAMB/CLK is not reached by a timing clock
Related violations: <none>

TIMING-17#39 Critical Warning
Non-clocked sequential cell  
The clock pin MIPS_CPU_0/MIPS_Regifile_1/registers_reg_r1_0_31_30_31/RAMB_D1/CLK is not reached by a timing clock
Related violations: <none>

TIMING-17#40 Critical Warning
Non-clocked sequential cell  
The clock pin MIPS_CPU_0/MIPS_Regifile_1/registers_reg_r1_0_31_30_31/RAMC/CLK is not reached by a timing clock
Related violations: <none>

TIMING-17#41 Critical Warning
Non-clocked sequential cell  
The clock pin MIPS_CPU_0/MIPS_Regifile_1/registers_reg_r1_0_31_30_31/RAMC_D1/CLK is not reached by a timing clock
Related violations: <none>

TIMING-17#42 Critical Warning
Non-clocked sequential cell  
The clock pin MIPS_CPU_0/MIPS_Regifile_1/registers_reg_r1_0_31_30_31/RAMD/CLK is not reached by a timing clock
Related violations: <none>

TIMING-17#43 Critical Warning
Non-clocked sequential cell  
The clock pin MIPS_CPU_0/MIPS_Regifile_1/registers_reg_r1_0_31_30_31/RAMD_D1/CLK is not reached by a timing clock
Related violations: <none>

TIMING-17#44 Critical Warning
Non-clocked sequential cell  
The clock pin MIPS_CPU_0/MIPS_Regifile_1/registers_reg_r1_0_31_6_11/RAMA/CLK is not reached by a timing clock
Related violations: <none>

TIMING-17#45 Critical Warning
Non-clocked sequential cell  
The clock pin MIPS_CPU_0/MIPS_Regifile_1/registers_reg_r1_0_31_6_11/RAMA_D1/CLK is not reached by a timing clock
Related violations: <none>

TIMING-17#46 Critical Warning
Non-clocked sequential cell  
The clock pin MIPS_CPU_0/MIPS_Regifile_1/registers_reg_r1_0_31_6_11/RAMB/CLK is not reached by a timing clock
Related violations: <none>

TIMING-17#47 Critical Warning
Non-clocked sequential cell  
The clock pin MIPS_CPU_0/MIPS_Regifile_1/registers_reg_r1_0_31_6_11/RAMB_D1/CLK is not reached by a timing clock
Related violations: <none>

TIMING-17#48 Critical Warning
Non-clocked sequential cell  
The clock pin MIPS_CPU_0/MIPS_Regifile_1/registers_reg_r1_0_31_6_11/RAMC/CLK is not reached by a timing clock
Related violations: <none>

TIMING-17#49 Critical Warning
Non-clocked sequential cell  
The clock pin MIPS_CPU_0/MIPS_Regifile_1/registers_reg_r1_0_31_6_11/RAMC_D1/CLK is not reached by a timing clock
Related violations: <none>

TIMING-17#50 Critical Warning
Non-clocked sequential cell  
The clock pin MIPS_CPU_0/MIPS_Regifile_1/registers_reg_r1_0_31_6_11/RAMD/CLK is not reached by a timing clock
Related violations: <none>

TIMING-17#51 Critical Warning
Non-clocked sequential cell  
The clock pin MIPS_CPU_0/MIPS_Regifile_1/registers_reg_r1_0_31_6_11/RAMD_D1/CLK is not reached by a timing clock
Related violations: <none>

TIMING-17#52 Critical Warning
Non-clocked sequential cell  
The clock pin MIPS_CPU_0/MIPS_Regifile_1/registers_reg_r2_0_31_0_5/RAMA/CLK is not reached by a timing clock
Related violations: <none>

TIMING-17#53 Critical Warning
Non-clocked sequential cell  
The clock pin MIPS_CPU_0/MIPS_Regifile_1/registers_reg_r2_0_31_0_5/RAMA_D1/CLK is not reached by a timing clock
Related violations: <none>

TIMING-17#54 Critical Warning
Non-clocked sequential cell  
The clock pin MIPS_CPU_0/MIPS_Regifile_1/registers_reg_r2_0_31_0_5/RAMB/CLK is not reached by a timing clock
Related violations: <none>

TIMING-17#55 Critical Warning
Non-clocked sequential cell  
The clock pin MIPS_CPU_0/MIPS_Regifile_1/registers_reg_r2_0_31_0_5/RAMB_D1/CLK is not reached by a timing clock
Related violations: <none>

TIMING-17#56 Critical Warning
Non-clocked sequential cell  
The clock pin MIPS_CPU_0/MIPS_Regifile_1/registers_reg_r2_0_31_0_5/RAMC/CLK is not reached by a timing clock
Related violations: <none>

TIMING-17#57 Critical Warning
Non-clocked sequential cell  
The clock pin MIPS_CPU_0/MIPS_Regifile_1/registers_reg_r2_0_31_0_5/RAMC_D1/CLK is not reached by a timing clock
Related violations: <none>

TIMING-17#58 Critical Warning
Non-clocked sequential cell  
The clock pin MIPS_CPU_0/MIPS_Regifile_1/registers_reg_r2_0_31_0_5/RAMD/CLK is not reached by a timing clock
Related violations: <none>

TIMING-17#59 Critical Warning
Non-clocked sequential cell  
The clock pin MIPS_CPU_0/MIPS_Regifile_1/registers_reg_r2_0_31_0_5/RAMD_D1/CLK is not reached by a timing clock
Related violations: <none>

TIMING-17#60 Critical Warning
Non-clocked sequential cell  
The clock pin MIPS_CPU_0/MIPS_Regifile_1/registers_reg_r2_0_31_12_17/RAMA/CLK is not reached by a timing clock
Related violations: <none>

TIMING-17#61 Critical Warning
Non-clocked sequential cell  
The clock pin MIPS_CPU_0/MIPS_Regifile_1/registers_reg_r2_0_31_12_17/RAMA_D1/CLK is not reached by a timing clock
Related violations: <none>

TIMING-17#62 Critical Warning
Non-clocked sequential cell  
The clock pin MIPS_CPU_0/MIPS_Regifile_1/registers_reg_r2_0_31_12_17/RAMB/CLK is not reached by a timing clock
Related violations: <none>

TIMING-17#63 Critical Warning
Non-clocked sequential cell  
The clock pin MIPS_CPU_0/MIPS_Regifile_1/registers_reg_r2_0_31_12_17/RAMB_D1/CLK is not reached by a timing clock
Related violations: <none>

TIMING-17#64 Critical Warning
Non-clocked sequential cell  
The clock pin MIPS_CPU_0/MIPS_Regifile_1/registers_reg_r2_0_31_12_17/RAMC/CLK is not reached by a timing clock
Related violations: <none>

TIMING-17#65 Critical Warning
Non-clocked sequential cell  
The clock pin MIPS_CPU_0/MIPS_Regifile_1/registers_reg_r2_0_31_12_17/RAMC_D1/CLK is not reached by a timing clock
Related violations: <none>

TIMING-17#66 Critical Warning
Non-clocked sequential cell  
The clock pin MIPS_CPU_0/MIPS_Regifile_1/registers_reg_r2_0_31_12_17/RAMD/CLK is not reached by a timing clock
Related violations: <none>

TIMING-17#67 Critical Warning
Non-clocked sequential cell  
The clock pin MIPS_CPU_0/MIPS_Regifile_1/registers_reg_r2_0_31_12_17/RAMD_D1/CLK is not reached by a timing clock
Related violations: <none>

TIMING-17#68 Critical Warning
Non-clocked sequential cell  
The clock pin MIPS_CPU_0/MIPS_Regifile_1/registers_reg_r2_0_31_18_23/RAMA/CLK is not reached by a timing clock
Related violations: <none>

TIMING-17#69 Critical Warning
Non-clocked sequential cell  
The clock pin MIPS_CPU_0/MIPS_Regifile_1/registers_reg_r2_0_31_18_23/RAMA_D1/CLK is not reached by a timing clock
Related violations: <none>

TIMING-17#70 Critical Warning
Non-clocked sequential cell  
The clock pin MIPS_CPU_0/MIPS_Regifile_1/registers_reg_r2_0_31_18_23/RAMB/CLK is not reached by a timing clock
Related violations: <none>

TIMING-17#71 Critical Warning
Non-clocked sequential cell  
The clock pin MIPS_CPU_0/MIPS_Regifile_1/registers_reg_r2_0_31_18_23/RAMB_D1/CLK is not reached by a timing clock
Related violations: <none>

TIMING-17#72 Critical Warning
Non-clocked sequential cell  
The clock pin MIPS_CPU_0/MIPS_Regifile_1/registers_reg_r2_0_31_18_23/RAMC/CLK is not reached by a timing clock
Related violations: <none>

TIMING-17#73 Critical Warning
Non-clocked sequential cell  
The clock pin MIPS_CPU_0/MIPS_Regifile_1/registers_reg_r2_0_31_18_23/RAMC_D1/CLK is not reached by a timing clock
Related violations: <none>

TIMING-17#74 Critical Warning
Non-clocked sequential cell  
The clock pin MIPS_CPU_0/MIPS_Regifile_1/registers_reg_r2_0_31_18_23/RAMD/CLK is not reached by a timing clock
Related violations: <none>

TIMING-17#75 Critical Warning
Non-clocked sequential cell  
The clock pin MIPS_CPU_0/MIPS_Regifile_1/registers_reg_r2_0_31_18_23/RAMD_D1/CLK is not reached by a timing clock
Related violations: <none>

TIMING-17#76 Critical Warning
Non-clocked sequential cell  
The clock pin MIPS_CPU_0/MIPS_Regifile_1/registers_reg_r2_0_31_24_29/RAMA/CLK is not reached by a timing clock
Related violations: <none>

TIMING-17#77 Critical Warning
Non-clocked sequential cell  
The clock pin MIPS_CPU_0/MIPS_Regifile_1/registers_reg_r2_0_31_24_29/RAMA_D1/CLK is not reached by a timing clock
Related violations: <none>

TIMING-17#78 Critical Warning
Non-clocked sequential cell  
The clock pin MIPS_CPU_0/MIPS_Regifile_1/registers_reg_r2_0_31_24_29/RAMB/CLK is not reached by a timing clock
Related violations: <none>

TIMING-17#79 Critical Warning
Non-clocked sequential cell  
The clock pin MIPS_CPU_0/MIPS_Regifile_1/registers_reg_r2_0_31_24_29/RAMB_D1/CLK is not reached by a timing clock
Related violations: <none>

TIMING-17#80 Critical Warning
Non-clocked sequential cell  
The clock pin MIPS_CPU_0/MIPS_Regifile_1/registers_reg_r2_0_31_24_29/RAMC/CLK is not reached by a timing clock
Related violations: <none>

TIMING-17#81 Critical Warning
Non-clocked sequential cell  
The clock pin MIPS_CPU_0/MIPS_Regifile_1/registers_reg_r2_0_31_24_29/RAMC_D1/CLK is not reached by a timing clock
Related violations: <none>

TIMING-17#82 Critical Warning
Non-clocked sequential cell  
The clock pin MIPS_CPU_0/MIPS_Regifile_1/registers_reg_r2_0_31_24_29/RAMD/CLK is not reached by a timing clock
Related violations: <none>

TIMING-17#83 Critical Warning
Non-clocked sequential cell  
The clock pin MIPS_CPU_0/MIPS_Regifile_1/registers_reg_r2_0_31_24_29/RAMD_D1/CLK is not reached by a timing clock
Related violations: <none>

TIMING-17#84 Critical Warning
Non-clocked sequential cell  
The clock pin MIPS_CPU_0/MIPS_Regifile_1/registers_reg_r2_0_31_30_31/RAMA/CLK is not reached by a timing clock
Related violations: <none>

TIMING-17#85 Critical Warning
Non-clocked sequential cell  
The clock pin MIPS_CPU_0/MIPS_Regifile_1/registers_reg_r2_0_31_30_31/RAMA_D1/CLK is not reached by a timing clock
Related violations: <none>

TIMING-17#86 Critical Warning
Non-clocked sequential cell  
The clock pin MIPS_CPU_0/MIPS_Regifile_1/registers_reg_r2_0_31_30_31/RAMB/CLK is not reached by a timing clock
Related violations: <none>

TIMING-17#87 Critical Warning
Non-clocked sequential cell  
The clock pin MIPS_CPU_0/MIPS_Regifile_1/registers_reg_r2_0_31_30_31/RAMB_D1/CLK is not reached by a timing clock
Related violations: <none>

TIMING-17#88 Critical Warning
Non-clocked sequential cell  
The clock pin MIPS_CPU_0/MIPS_Regifile_1/registers_reg_r2_0_31_30_31/RAMC/CLK is not reached by a timing clock
Related violations: <none>

TIMING-17#89 Critical Warning
Non-clocked sequential cell  
The clock pin MIPS_CPU_0/MIPS_Regifile_1/registers_reg_r2_0_31_30_31/RAMC_D1/CLK is not reached by a timing clock
Related violations: <none>

TIMING-17#90 Critical Warning
Non-clocked sequential cell  
The clock pin MIPS_CPU_0/MIPS_Regifile_1/registers_reg_r2_0_31_30_31/RAMD/CLK is not reached by a timing clock
Related violations: <none>

TIMING-17#91 Critical Warning
Non-clocked sequential cell  
The clock pin MIPS_CPU_0/MIPS_Regifile_1/registers_reg_r2_0_31_30_31/RAMD_D1/CLK is not reached by a timing clock
Related violations: <none>

TIMING-17#92 Critical Warning
Non-clocked sequential cell  
The clock pin MIPS_CPU_0/MIPS_Regifile_1/registers_reg_r2_0_31_6_11/RAMA/CLK is not reached by a timing clock
Related violations: <none>

TIMING-17#93 Critical Warning
Non-clocked sequential cell  
The clock pin MIPS_CPU_0/MIPS_Regifile_1/registers_reg_r2_0_31_6_11/RAMA_D1/CLK is not reached by a timing clock
Related violations: <none>

TIMING-17#94 Critical Warning
Non-clocked sequential cell  
The clock pin MIPS_CPU_0/MIPS_Regifile_1/registers_reg_r2_0_31_6_11/RAMB/CLK is not reached by a timing clock
Related violations: <none>

TIMING-17#95 Critical Warning
Non-clocked sequential cell  
The clock pin MIPS_CPU_0/MIPS_Regifile_1/registers_reg_r2_0_31_6_11/RAMB_D1/CLK is not reached by a timing clock
Related violations: <none>

TIMING-17#96 Critical Warning
Non-clocked sequential cell  
The clock pin MIPS_CPU_0/MIPS_Regifile_1/registers_reg_r2_0_31_6_11/RAMC/CLK is not reached by a timing clock
Related violations: <none>

TIMING-17#97 Critical Warning
Non-clocked sequential cell  
The clock pin MIPS_CPU_0/MIPS_Regifile_1/registers_reg_r2_0_31_6_11/RAMC_D1/CLK is not reached by a timing clock
Related violations: <none>

TIMING-17#98 Critical Warning
Non-clocked sequential cell  
The clock pin MIPS_CPU_0/MIPS_Regifile_1/registers_reg_r2_0_31_6_11/RAMD/CLK is not reached by a timing clock
Related violations: <none>

TIMING-17#99 Critical Warning
Non-clocked sequential cell  
The clock pin MIPS_CPU_0/MIPS_Regifile_1/registers_reg_r2_0_31_6_11/RAMD_D1/CLK is not reached by a timing clock
Related violations: <none>

TIMING-17#100 Critical Warning
Non-clocked sequential cell  
The clock pin MIPS_CPU_0/RAM_1/mem_reg_0_31_0_0/SP/CLK is not reached by a timing clock
Related violations: <none>

TIMING-17#101 Critical Warning
Non-clocked sequential cell  
The clock pin MIPS_CPU_0/RAM_1/mem_reg_0_31_1_1/SP/CLK is not reached by a timing clock
Related violations: <none>

TIMING-17#102 Critical Warning
Non-clocked sequential cell  
The clock pin MIPS_CPU_0/RAM_1/mem_reg_0_31_2_2/SP/CLK is not reached by a timing clock
Related violations: <none>

TIMING-17#103 Critical Warning
Non-clocked sequential cell  
The clock pin MIPS_CPU_0/RAM_1/mem_reg_0_31_3_3/SP/CLK is not reached by a timing clock
Related violations: <none>

TIMING-17#104 Critical Warning
Non-clocked sequential cell  
The clock pin MIPS_CPU_0/RAM_1/mem_reg_0_31_4_4/SP/CLK is not reached by a timing clock
Related violations: <none>

TIMING-17#105 Critical Warning
Non-clocked sequential cell  
The clock pin MIPS_CPU_0/RAM_1/mem_reg_0_31_5_5/SP/CLK is not reached by a timing clock
Related violations: <none>

TIMING-17#106 Critical Warning
Non-clocked sequential cell  
The clock pin MIPS_CPU_0/RAM_1/mem_reg_0_31_6_6/SP/CLK is not reached by a timing clock
Related violations: <none>

TIMING-17#107 Critical Warning
Non-clocked sequential cell  
The clock pin MIPS_CPU_0/RAM_1/mem_reg_0_31_7_7/SP/CLK is not reached by a timing clock
Related violations: <none>

TIMING-17#108 Critical Warning
Non-clocked sequential cell  
The clock pin MIPS_CPU_0/RAM_1/mem_reg_0_31_8_8/SP/CLK is not reached by a timing clock
Related violations: <none>

TIMING-17#109 Critical Warning
Non-clocked sequential cell  
The clock pin MIPS_CPU_0/RAM_1/mem_reg_0_31_9_9/SP/CLK is not reached by a timing clock
Related violations: <none>

TIMING-16#1 Warning
Large setup violation  
There is a large setup violation of -1.012 ns between MIPS_CPU_0/REGISTER_FILE_2/s_state_reg_reg[4]_replica_6/C (clocked by sys_clk_pin) and MIPS_CPU_0/REGISTER_FILE_2/s_state_reg_reg[23]/D (clocked by sys_clk_pin). Large setup violations at the end of those stages might be difficult to fix during the post-placement implementation flow and could be the result of non-optimal XDC constraints or non-optimal design architecture
Related violations: <none>

TIMING-16#2 Warning
Large setup violation  
There is a large setup violation of -1.043 ns between MIPS_CPU_0/REGISTER_FILE_2/s_state_reg_reg[4]_replica_6/C (clocked by sys_clk_pin) and MIPS_CPU_0/REGISTER_FILE_2/s_state_reg_reg[11]/D (clocked by sys_clk_pin). Large setup violations at the end of those stages might be difficult to fix during the post-placement implementation flow and could be the result of non-optimal XDC constraints or non-optimal design architecture
Related violations: <none>

TIMING-16#3 Warning
Large setup violation  
There is a large setup violation of -1.054 ns between MIPS_CPU_0/REGISTER_FILE_2/s_state_reg_reg[4]_replica_6/C (clocked by sys_clk_pin) and MIPS_CPU_0/REGISTER_FILE_2/s_state_reg_reg[27]/D (clocked by sys_clk_pin). Large setup violations at the end of those stages might be difficult to fix during the post-placement implementation flow and could be the result of non-optimal XDC constraints or non-optimal design architecture
Related violations: <none>

TIMING-16#4 Warning
Large setup violation  
There is a large setup violation of -1.098 ns between MIPS_CPU_0/REGISTER_FILE_2/s_state_reg_reg[4]_replica_6/C (clocked by sys_clk_pin) and MIPS_CPU_0/REGISTER_FILE_2/s_state_reg_reg[5]/D (clocked by sys_clk_pin). Large setup violations at the end of those stages might be difficult to fix during the post-placement implementation flow and could be the result of non-optimal XDC constraints or non-optimal design architecture
Related violations: <none>

TIMING-16#5 Warning
Large setup violation  
There is a large setup violation of -1.126 ns between MIPS_CPU_0/REGISTER_FILE_2/s_state_reg_reg[4]_replica_6/C (clocked by sys_clk_pin) and MIPS_CPU_0/REGISTER_FILE_2/s_state_reg_reg[24]/D (clocked by sys_clk_pin). Large setup violations at the end of those stages might be difficult to fix during the post-placement implementation flow and could be the result of non-optimal XDC constraints or non-optimal design architecture
Related violations: <none>

TIMING-16#6 Warning
Large setup violation  
There is a large setup violation of -1.135 ns between MIPS_CPU_0/REGISTER_FILE_2/s_state_reg_reg[4]_replica/C (clocked by sys_clk_pin) and MIPS_CPU_0/REGISTER_FILE_3/s_state_reg_reg[23]/CE (clocked by sys_clk_pin). Large setup violations at the end of those stages might be difficult to fix during the post-placement implementation flow and could be the result of non-optimal XDC constraints or non-optimal design architecture
Related violations: <none>

TIMING-16#7 Warning
Large setup violation  
There is a large setup violation of -1.135 ns between MIPS_CPU_0/REGISTER_FILE_2/s_state_reg_reg[4]_replica/C (clocked by sys_clk_pin) and MIPS_CPU_0/REGISTER_FILE_3/s_state_reg_reg[26]/CE (clocked by sys_clk_pin). Large setup violations at the end of those stages might be difficult to fix during the post-placement implementation flow and could be the result of non-optimal XDC constraints or non-optimal design architecture
Related violations: <none>

TIMING-16#8 Warning
Large setup violation  
There is a large setup violation of -1.135 ns between MIPS_CPU_0/REGISTER_FILE_2/s_state_reg_reg[4]_replica/C (clocked by sys_clk_pin) and MIPS_CPU_0/REGISTER_FILE_3/s_state_reg_reg[2]/CE (clocked by sys_clk_pin). Large setup violations at the end of those stages might be difficult to fix during the post-placement implementation flow and could be the result of non-optimal XDC constraints or non-optimal design architecture
Related violations: <none>

TIMING-16#9 Warning
Large setup violation  
There is a large setup violation of -1.150 ns between MIPS_CPU_0/REGISTER_FILE_2/s_state_reg_reg[4]_replica/C (clocked by sys_clk_pin) and MIPS_CPU_0/REGISTER_FILE_3/s_state_reg_reg[10]/CE (clocked by sys_clk_pin). Large setup violations at the end of those stages might be difficult to fix during the post-placement implementation flow and could be the result of non-optimal XDC constraints or non-optimal design architecture
Related violations: <none>

TIMING-16#10 Warning
Large setup violation  
There is a large setup violation of -1.150 ns between MIPS_CPU_0/REGISTER_FILE_2/s_state_reg_reg[4]_replica/C (clocked by sys_clk_pin) and MIPS_CPU_0/REGISTER_FILE_3/s_state_reg_reg[31]/CE (clocked by sys_clk_pin). Large setup violations at the end of those stages might be difficult to fix during the post-placement implementation flow and could be the result of non-optimal XDC constraints or non-optimal design architecture
Related violations: <none>

TIMING-16#11 Warning
Large setup violation  
There is a large setup violation of -1.150 ns between MIPS_CPU_0/REGISTER_FILE_2/s_state_reg_reg[4]_replica/C (clocked by sys_clk_pin) and MIPS_CPU_0/REGISTER_FILE_3/s_state_reg_reg[3]/CE (clocked by sys_clk_pin). Large setup violations at the end of those stages might be difficult to fix during the post-placement implementation flow and could be the result of non-optimal XDC constraints or non-optimal design architecture
Related violations: <none>

TIMING-16#12 Warning
Large setup violation  
There is a large setup violation of -1.150 ns between MIPS_CPU_0/REGISTER_FILE_2/s_state_reg_reg[4]_replica/C (clocked by sys_clk_pin) and MIPS_CPU_0/REGISTER_FILE_3/s_state_reg_reg[4]/CE (clocked by sys_clk_pin). Large setup violations at the end of those stages might be difficult to fix during the post-placement implementation flow and could be the result of non-optimal XDC constraints or non-optimal design architecture
Related violations: <none>

TIMING-16#13 Warning
Large setup violation  
There is a large setup violation of -1.167 ns between MIPS_CPU_0/REGISTER_FILE_2/s_state_reg_reg[4]_replica_6/C (clocked by sys_clk_pin) and MIPS_CPU_0/REGISTER_FILE_2/s_state_reg_reg[7]_replica_2/D (clocked by sys_clk_pin). Large setup violations at the end of those stages might be difficult to fix during the post-placement implementation flow and could be the result of non-optimal XDC constraints or non-optimal design architecture
Related violations: <none>

TIMING-16#14 Warning
Large setup violation  
There is a large setup violation of -1.169 ns between MIPS_CPU_0/REGISTER_FILE_2/s_state_reg_reg[4]_replica_6/C (clocked by sys_clk_pin) and MIPS_CPU_0/REGISTER_FILE_2/s_state_reg_reg[5]_replica/D (clocked by sys_clk_pin). Large setup violations at the end of those stages might be difficult to fix during the post-placement implementation flow and could be the result of non-optimal XDC constraints or non-optimal design architecture
Related violations: <none>

TIMING-16#15 Warning
Large setup violation  
There is a large setup violation of -1.198 ns between MIPS_CPU_0/REGISTER_FILE_2/s_state_reg_reg[4]_replica_6/C (clocked by sys_clk_pin) and MIPS_CPU_0/REGISTER_FILE_2/s_state_reg_reg[9]_replica_1/D (clocked by sys_clk_pin). Large setup violations at the end of those stages might be difficult to fix during the post-placement implementation flow and could be the result of non-optimal XDC constraints or non-optimal design architecture
Related violations: <none>

TIMING-16#16 Warning
Large setup violation  
There is a large setup violation of -1.239 ns between MIPS_CPU_0/REGISTER_FILE_2/s_state_reg_reg[4]_replica_6/C (clocked by sys_clk_pin) and MIPS_CPU_0/REGISTER_FILE_2/s_state_reg_reg[5]_replica_1/D (clocked by sys_clk_pin). Large setup violations at the end of those stages might be difficult to fix during the post-placement implementation flow and could be the result of non-optimal XDC constraints or non-optimal design architecture
Related violations: <none>

TIMING-16#17 Warning
Large setup violation  
There is a large setup violation of -1.256 ns between MIPS_CPU_0/REGISTER_FILE_2/s_state_reg_reg[4]_replica/C (clocked by sys_clk_pin) and MIPS_CPU_0/REGISTER_FILE_3/s_state_reg_reg[15]/CE (clocked by sys_clk_pin). Large setup violations at the end of those stages might be difficult to fix during the post-placement implementation flow and could be the result of non-optimal XDC constraints or non-optimal design architecture
Related violations: <none>

TIMING-16#18 Warning
Large setup violation  
There is a large setup violation of -1.263 ns between MIPS_CPU_0/REGISTER_FILE_2/s_state_reg_reg[4]_replica/C (clocked by sys_clk_pin) and MIPS_CPU_0/REGISTER_FILE_3/s_state_reg_reg[27]/CE (clocked by sys_clk_pin). Large setup violations at the end of those stages might be difficult to fix during the post-placement implementation flow and could be the result of non-optimal XDC constraints or non-optimal design architecture
Related violations: <none>

TIMING-16#19 Warning
Large setup violation  
There is a large setup violation of -1.265 ns between MIPS_CPU_0/REGISTER_FILE_2/s_state_reg_reg[4]_replica/C (clocked by sys_clk_pin) and MIPS_CPU_0/REGISTER_FILE_3/s_state_reg_reg[0]/CE (clocked by sys_clk_pin). Large setup violations at the end of those stages might be difficult to fix during the post-placement implementation flow and could be the result of non-optimal XDC constraints or non-optimal design architecture
Related violations: <none>

TIMING-16#20 Warning
Large setup violation  
There is a large setup violation of -1.265 ns between MIPS_CPU_0/REGISTER_FILE_2/s_state_reg_reg[4]_replica/C (clocked by sys_clk_pin) and MIPS_CPU_0/REGISTER_FILE_3/s_state_reg_reg[1]/CE (clocked by sys_clk_pin). Large setup violations at the end of those stages might be difficult to fix during the post-placement implementation flow and could be the result of non-optimal XDC constraints or non-optimal design architecture
Related violations: <none>

TIMING-16#21 Warning
Large setup violation  
There is a large setup violation of -1.276 ns between MIPS_CPU_0/REGISTER_FILE_2/s_state_reg_reg[4]_replica_6/C (clocked by sys_clk_pin) and MIPS_CPU_0/REGISTER_FILE_2/s_state_reg_reg[5]_replica_4/D (clocked by sys_clk_pin). Large setup violations at the end of those stages might be difficult to fix during the post-placement implementation flow and could be the result of non-optimal XDC constraints or non-optimal design architecture
Related violations: <none>

TIMING-16#22 Warning
Large setup violation  
There is a large setup violation of -1.277 ns between MIPS_CPU_0/REGISTER_FILE_2/s_state_reg_reg[4]_replica/C (clocked by sys_clk_pin) and MIPS_CPU_0/REGISTER_FILE_3/s_state_reg_reg[13]/CE (clocked by sys_clk_pin). Large setup violations at the end of those stages might be difficult to fix during the post-placement implementation flow and could be the result of non-optimal XDC constraints or non-optimal design architecture
Related violations: <none>

TIMING-16#23 Warning
Large setup violation  
There is a large setup violation of -1.277 ns between MIPS_CPU_0/REGISTER_FILE_2/s_state_reg_reg[4]_replica/C (clocked by sys_clk_pin) and MIPS_CPU_0/REGISTER_FILE_3/s_state_reg_reg[25]/CE (clocked by sys_clk_pin). Large setup violations at the end of those stages might be difficult to fix during the post-placement implementation flow and could be the result of non-optimal XDC constraints or non-optimal design architecture
Related violations: <none>

TIMING-16#24 Warning
Large setup violation  
There is a large setup violation of -1.277 ns between MIPS_CPU_0/REGISTER_FILE_2/s_state_reg_reg[4]_replica/C (clocked by sys_clk_pin) and MIPS_CPU_0/REGISTER_FILE_3/s_state_reg_reg[7]/CE (clocked by sys_clk_pin). Large setup violations at the end of those stages might be difficult to fix during the post-placement implementation flow and could be the result of non-optimal XDC constraints or non-optimal design architecture
Related violations: <none>

TIMING-16#25 Warning
Large setup violation  
There is a large setup violation of -1.277 ns between MIPS_CPU_0/REGISTER_FILE_2/s_state_reg_reg[4]_replica/C (clocked by sys_clk_pin) and MIPS_CPU_0/REGISTER_FILE_3/s_state_reg_reg[9]/CE (clocked by sys_clk_pin). Large setup violations at the end of those stages might be difficult to fix during the post-placement implementation flow and could be the result of non-optimal XDC constraints or non-optimal design architecture
Related violations: <none>

TIMING-16#26 Warning
Large setup violation  
There is a large setup violation of -1.282 ns between MIPS_CPU_0/REGISTER_FILE_2/s_state_reg_reg[4]_replica/C (clocked by sys_clk_pin) and MIPS_CPU_0/REGISTER_FILE_3/s_state_reg_reg[11]/CE (clocked by sys_clk_pin). Large setup violations at the end of those stages might be difficult to fix during the post-placement implementation flow and could be the result of non-optimal XDC constraints or non-optimal design architecture
Related violations: <none>

TIMING-16#27 Warning
Large setup violation  
There is a large setup violation of -1.282 ns between MIPS_CPU_0/REGISTER_FILE_2/s_state_reg_reg[4]_replica/C (clocked by sys_clk_pin) and MIPS_CPU_0/REGISTER_FILE_3/s_state_reg_reg[21]/CE (clocked by sys_clk_pin). Large setup violations at the end of those stages might be difficult to fix during the post-placement implementation flow and could be the result of non-optimal XDC constraints or non-optimal design architecture
Related violations: <none>

TIMING-16#28 Warning
Large setup violation  
There is a large setup violation of -1.284 ns between MIPS_CPU_0/REGISTER_FILE_2/s_state_reg_reg[4]_replica_6/C (clocked by sys_clk_pin) and MIPS_CPU_0/REGISTER_FILE_2/s_state_reg_reg[26]/D (clocked by sys_clk_pin). Large setup violations at the end of those stages might be difficult to fix during the post-placement implementation flow and could be the result of non-optimal XDC constraints or non-optimal design architecture
Related violations: <none>

TIMING-16#29 Warning
Large setup violation  
There is a large setup violation of -1.285 ns between MIPS_CPU_0/REGISTER_FILE_2/s_state_reg_reg[4]_replica/C (clocked by sys_clk_pin) and MIPS_CPU_0/REGISTER_FILE_2/s_state_reg_reg[2]_replica_1/D (clocked by sys_clk_pin). Large setup violations at the end of those stages might be difficult to fix during the post-placement implementation flow and could be the result of non-optimal XDC constraints or non-optimal design architecture
Related violations: <none>

TIMING-16#30 Warning
Large setup violation  
There is a large setup violation of -1.287 ns between MIPS_CPU_0/REGISTER_FILE_2/s_state_reg_reg[4]_replica/C (clocked by sys_clk_pin) and MIPS_CPU_0/REGISTER_FILE_3/s_state_reg_reg[17]/CE (clocked by sys_clk_pin). Large setup violations at the end of those stages might be difficult to fix during the post-placement implementation flow and could be the result of non-optimal XDC constraints or non-optimal design architecture
Related violations: <none>

TIMING-16#31 Warning
Large setup violation  
There is a large setup violation of -1.287 ns between MIPS_CPU_0/REGISTER_FILE_2/s_state_reg_reg[4]_replica/C (clocked by sys_clk_pin) and MIPS_CPU_0/REGISTER_FILE_3/s_state_reg_reg[29]/CE (clocked by sys_clk_pin). Large setup violations at the end of those stages might be difficult to fix during the post-placement implementation flow and could be the result of non-optimal XDC constraints or non-optimal design architecture
Related violations: <none>

TIMING-16#32 Warning
Large setup violation  
There is a large setup violation of -1.287 ns between MIPS_CPU_0/REGISTER_FILE_2/s_state_reg_reg[4]_replica/C (clocked by sys_clk_pin) and MIPS_CPU_0/REGISTER_FILE_3/s_state_reg_reg[5]/CE (clocked by sys_clk_pin). Large setup violations at the end of those stages might be difficult to fix during the post-placement implementation flow and could be the result of non-optimal XDC constraints or non-optimal design architecture
Related violations: <none>

TIMING-16#33 Warning
Large setup violation  
There is a large setup violation of -1.287 ns between MIPS_CPU_0/REGISTER_FILE_2/s_state_reg_reg[4]_replica/C (clocked by sys_clk_pin) and MIPS_CPU_0/REGISTER_FILE_3/s_state_reg_reg[6]/CE (clocked by sys_clk_pin). Large setup violations at the end of those stages might be difficult to fix during the post-placement implementation flow and could be the result of non-optimal XDC constraints or non-optimal design architecture
Related violations: <none>

TIMING-16#34 Warning
Large setup violation  
There is a large setup violation of -1.289 ns between MIPS_CPU_0/REGISTER_FILE_2/s_state_reg_reg[4]_replica_6/C (clocked by sys_clk_pin) and MIPS_CPU_0/REGISTER_FILE_2/s_state_reg_reg[4]_replica_7/D (clocked by sys_clk_pin). Large setup violations at the end of those stages might be difficult to fix during the post-placement implementation flow and could be the result of non-optimal XDC constraints or non-optimal design architecture
Related violations: <none>

TIMING-16#35 Warning
Large setup violation  
There is a large setup violation of -1.294 ns between MIPS_CPU_0/REGISTER_FILE_2/s_state_reg_reg[4]_replica/C (clocked by sys_clk_pin) and MIPS_CPU_0/REGISTER_FILE_3/s_state_reg_reg[20]/CE (clocked by sys_clk_pin). Large setup violations at the end of those stages might be difficult to fix during the post-placement implementation flow and could be the result of non-optimal XDC constraints or non-optimal design architecture
Related violations: <none>

TIMING-16#36 Warning
Large setup violation  
There is a large setup violation of -1.308 ns between MIPS_CPU_0/REGISTER_FILE_2/s_state_reg_reg[4]_replica/C (clocked by sys_clk_pin) and MIPS_CPU_0/REGISTER_FILE_3/s_state_reg_reg[18]/CE (clocked by sys_clk_pin). Large setup violations at the end of those stages might be difficult to fix during the post-placement implementation flow and could be the result of non-optimal XDC constraints or non-optimal design architecture
Related violations: <none>

TIMING-16#37 Warning
Large setup violation  
There is a large setup violation of -1.308 ns between MIPS_CPU_0/REGISTER_FILE_2/s_state_reg_reg[4]_replica/C (clocked by sys_clk_pin) and MIPS_CPU_0/REGISTER_FILE_3/s_state_reg_reg[19]/CE (clocked by sys_clk_pin). Large setup violations at the end of those stages might be difficult to fix during the post-placement implementation flow and could be the result of non-optimal XDC constraints or non-optimal design architecture
Related violations: <none>

TIMING-16#38 Warning
Large setup violation  
There is a large setup violation of -1.308 ns between MIPS_CPU_0/REGISTER_FILE_2/s_state_reg_reg[4]_replica/C (clocked by sys_clk_pin) and MIPS_CPU_0/REGISTER_FILE_3/s_state_reg_reg[24]/CE (clocked by sys_clk_pin). Large setup violations at the end of those stages might be difficult to fix during the post-placement implementation flow and could be the result of non-optimal XDC constraints or non-optimal design architecture
Related violations: <none>

TIMING-16#39 Warning
Large setup violation  
There is a large setup violation of -1.308 ns between MIPS_CPU_0/REGISTER_FILE_2/s_state_reg_reg[4]_replica/C (clocked by sys_clk_pin) and MIPS_CPU_0/REGISTER_FILE_3/s_state_reg_reg[8]/CE (clocked by sys_clk_pin). Large setup violations at the end of those stages might be difficult to fix during the post-placement implementation flow and could be the result of non-optimal XDC constraints or non-optimal design architecture
Related violations: <none>

TIMING-16#40 Warning
Large setup violation  
There is a large setup violation of -1.344 ns between MIPS_CPU_0/REGISTER_FILE_2/s_state_reg_reg[4]_replica_6/C (clocked by sys_clk_pin) and MIPS_CPU_0/REGISTER_FILE_2/s_state_reg_reg[4]_replica_1/D (clocked by sys_clk_pin). Large setup violations at the end of those stages might be difficult to fix during the post-placement implementation flow and could be the result of non-optimal XDC constraints or non-optimal design architecture
Related violations: <none>

TIMING-16#41 Warning
Large setup violation  
There is a large setup violation of -1.352 ns between MIPS_CPU_0/REGISTER_FILE_2/s_state_reg_reg[4]_replica_6/C (clocked by sys_clk_pin) and MIPS_CPU_0/REGISTER_FILE_2/s_state_reg_reg[4]_replica_5/D (clocked by sys_clk_pin). Large setup violations at the end of those stages might be difficult to fix during the post-placement implementation flow and could be the result of non-optimal XDC constraints or non-optimal design architecture
Related violations: <none>

TIMING-16#42 Warning
Large setup violation  
There is a large setup violation of -1.363 ns between MIPS_CPU_0/REGISTER_FILE_2/s_state_reg_reg[4]_replica_6/C (clocked by sys_clk_pin) and MIPS_CPU_0/REGISTER_FILE_2/s_state_reg_reg[7]_replica_4/D (clocked by sys_clk_pin). Large setup violations at the end of those stages might be difficult to fix during the post-placement implementation flow and could be the result of non-optimal XDC constraints or non-optimal design architecture
Related violations: <none>

TIMING-16#43 Warning
Large setup violation  
There is a large setup violation of -1.365 ns between MIPS_CPU_0/REGISTER_FILE_2/s_state_reg_reg[4]_replica_6/C (clocked by sys_clk_pin) and MIPS_CPU_0/REGISTER_FILE_2/s_state_reg_reg[7]_replica_1/D (clocked by sys_clk_pin). Large setup violations at the end of those stages might be difficult to fix during the post-placement implementation flow and could be the result of non-optimal XDC constraints or non-optimal design architecture
Related violations: <none>

TIMING-16#44 Warning
Large setup violation  
There is a large setup violation of -1.365 ns between MIPS_CPU_0/REGISTER_FILE_2/s_state_reg_reg[4]_replica_6/C (clocked by sys_clk_pin) and MIPS_CPU_0/REGISTER_FILE_2/s_state_reg_reg[7]_replica_5/D (clocked by sys_clk_pin). Large setup violations at the end of those stages might be difficult to fix during the post-placement implementation flow and could be the result of non-optimal XDC constraints or non-optimal design architecture
Related violations: <none>

TIMING-16#45 Warning
Large setup violation  
There is a large setup violation of -1.381 ns between MIPS_CPU_0/REGISTER_FILE_2/s_state_reg_reg[4]_replica_6/C (clocked by sys_clk_pin) and MIPS_CPU_0/REGISTER_FILE_2/s_state_reg_reg[4]_replica_2/D (clocked by sys_clk_pin). Large setup violations at the end of those stages might be difficult to fix during the post-placement implementation flow and could be the result of non-optimal XDC constraints or non-optimal design architecture
Related violations: <none>

TIMING-16#46 Warning
Large setup violation  
There is a large setup violation of -1.388 ns between MIPS_CPU_0/REGISTER_FILE_2/s_state_reg_reg[4]_replica_6/C (clocked by sys_clk_pin) and MIPS_CPU_0/REGISTER_FILE_2/s_state_reg_reg[6]_replica/D (clocked by sys_clk_pin). Large setup violations at the end of those stages might be difficult to fix during the post-placement implementation flow and could be the result of non-optimal XDC constraints or non-optimal design architecture
Related violations: <none>

TIMING-16#47 Warning
Large setup violation  
There is a large setup violation of -1.395 ns between MIPS_CPU_0/REGISTER_FILE_2/s_state_reg_reg[4]_replica/C (clocked by sys_clk_pin) and MIPS_CPU_0/REGISTER_FILE_3/s_state_reg_reg[14]/CE (clocked by sys_clk_pin). Large setup violations at the end of those stages might be difficult to fix during the post-placement implementation flow and could be the result of non-optimal XDC constraints or non-optimal design architecture
Related violations: <none>

TIMING-16#48 Warning
Large setup violation  
There is a large setup violation of -1.395 ns between MIPS_CPU_0/REGISTER_FILE_2/s_state_reg_reg[4]_replica/C (clocked by sys_clk_pin) and MIPS_CPU_0/REGISTER_FILE_3/s_state_reg_reg[16]/CE (clocked by sys_clk_pin). Large setup violations at the end of those stages might be difficult to fix during the post-placement implementation flow and could be the result of non-optimal XDC constraints or non-optimal design architecture
Related violations: <none>

TIMING-16#49 Warning
Large setup violation  
There is a large setup violation of -1.395 ns between MIPS_CPU_0/REGISTER_FILE_2/s_state_reg_reg[4]_replica/C (clocked by sys_clk_pin) and MIPS_CPU_0/REGISTER_FILE_3/s_state_reg_reg[30]/CE (clocked by sys_clk_pin). Large setup violations at the end of those stages might be difficult to fix during the post-placement implementation flow and could be the result of non-optimal XDC constraints or non-optimal design architecture
Related violations: <none>

TIMING-16#50 Warning
Large setup violation  
There is a large setup violation of -1.395 ns between MIPS_CPU_0/REGISTER_FILE_2/s_state_reg_reg[4]_replica_6/C (clocked by sys_clk_pin) and MIPS_CPU_0/REGISTER_FILE_2/s_state_reg_reg[7]/D (clocked by sys_clk_pin). Large setup violations at the end of those stages might be difficult to fix during the post-placement implementation flow and could be the result of non-optimal XDC constraints or non-optimal design architecture
Related violations: <none>

TIMING-16#51 Warning
Large setup violation  
There is a large setup violation of -1.424 ns between MIPS_CPU_0/REGISTER_FILE_2/s_state_reg_reg[4]_replica_6/C (clocked by sys_clk_pin) and MIPS_CPU_0/REGISTER_FILE_2/s_state_reg_reg[7]_replica_3/D (clocked by sys_clk_pin). Large setup violations at the end of those stages might be difficult to fix during the post-placement implementation flow and could be the result of non-optimal XDC constraints or non-optimal design architecture
Related violations: <none>

TIMING-16#52 Warning
Large setup violation  
There is a large setup violation of -1.447 ns between MIPS_CPU_0/REGISTER_FILE_2/s_state_reg_reg[4]_replica/C (clocked by sys_clk_pin) and MIPS_CPU_0/REGISTER_FILE_3/s_state_reg_reg[28]/CE (clocked by sys_clk_pin). Large setup violations at the end of those stages might be difficult to fix during the post-placement implementation flow and could be the result of non-optimal XDC constraints or non-optimal design architecture
Related violations: <none>

TIMING-16#53 Warning
Large setup violation  
There is a large setup violation of -1.456 ns between MIPS_CPU_0/REGISTER_FILE_2/s_state_reg_reg[4]_replica/C (clocked by sys_clk_pin) and MIPS_CPU_0/REGISTER_FILE_3/s_state_reg_reg[12]/CE (clocked by sys_clk_pin). Large setup violations at the end of those stages might be difficult to fix during the post-placement implementation flow and could be the result of non-optimal XDC constraints or non-optimal design architecture
Related violations: <none>

TIMING-16#54 Warning
Large setup violation  
There is a large setup violation of -1.456 ns between MIPS_CPU_0/REGISTER_FILE_2/s_state_reg_reg[4]_replica/C (clocked by sys_clk_pin) and MIPS_CPU_0/REGISTER_FILE_3/s_state_reg_reg[22]/CE (clocked by sys_clk_pin). Large setup violations at the end of those stages might be difficult to fix during the post-placement implementation flow and could be the result of non-optimal XDC constraints or non-optimal design architecture
Related violations: <none>

TIMING-16#55 Warning
Large setup violation  
There is a large setup violation of -1.474 ns between MIPS_CPU_0/REGISTER_FILE_2/s_state_reg_reg[4]_replica_6/C (clocked by sys_clk_pin) and MIPS_CPU_0/REGISTER_FILE_2/s_state_reg_reg[2]_replica/D (clocked by sys_clk_pin). Large setup violations at the end of those stages might be difficult to fix during the post-placement implementation flow and could be the result of non-optimal XDC constraints or non-optimal design architecture
Related violations: <none>

TIMING-16#56 Warning
Large setup violation  
There is a large setup violation of -1.478 ns between MIPS_CPU_0/REGISTER_FILE_2/s_state_reg_reg[4]_replica/C (clocked by sys_clk_pin) and MIPS_CPU_0/REGISTER_FILE_2/s_state_reg_reg[4]_replica_6/D (clocked by sys_clk_pin). Large setup violations at the end of those stages might be difficult to fix during the post-placement implementation flow and could be the result of non-optimal XDC constraints or non-optimal design architecture
Related violations: <none>

TIMING-16#57 Warning
Large setup violation  
There is a large setup violation of -1.505 ns between MIPS_CPU_0/REGISTER_FILE_2/s_state_reg_reg[4]_replica_6/C (clocked by sys_clk_pin) and MIPS_CPU_0/REGISTER_FILE_2/s_state_reg_reg[6]_replica_1/D (clocked by sys_clk_pin). Large setup violations at the end of those stages might be difficult to fix during the post-placement implementation flow and could be the result of non-optimal XDC constraints or non-optimal design architecture
Related violations: <none>

TIMING-16#58 Warning
Large setup violation  
There is a large setup violation of -1.510 ns between MIPS_CPU_0/REGISTER_FILE_2/s_state_reg_reg[4]_replica_6/C (clocked by sys_clk_pin) and MIPS_CPU_0/REGISTER_FILE_2/s_state_reg_reg[9]_replica_3/D (clocked by sys_clk_pin). Large setup violations at the end of those stages might be difficult to fix during the post-placement implementation flow and could be the result of non-optimal XDC constraints or non-optimal design architecture
Related violations: <none>

TIMING-16#59 Warning
Large setup violation  
There is a large setup violation of -1.511 ns between MIPS_CPU_0/REGISTER_FILE_2/s_state_reg_reg[4]_replica_6/C (clocked by sys_clk_pin) and MIPS_CPU_0/REGISTER_FILE_2/s_state_reg_reg[2]/D (clocked by sys_clk_pin). Large setup violations at the end of those stages might be difficult to fix during the post-placement implementation flow and could be the result of non-optimal XDC constraints or non-optimal design architecture
Related violations: <none>

TIMING-16#60 Warning
Large setup violation  
There is a large setup violation of -1.534 ns between MIPS_CPU_0/REGISTER_FILE_2/s_state_reg_reg[4]_replica_6/C (clocked by sys_clk_pin) and MIPS_CPU_0/REGISTER_FILE_2/s_state_reg_reg[6]/D (clocked by sys_clk_pin). Large setup violations at the end of those stages might be difficult to fix during the post-placement implementation flow and could be the result of non-optimal XDC constraints or non-optimal design architecture
Related violations: <none>

TIMING-16#61 Warning
Large setup violation  
There is a large setup violation of -1.561 ns between MIPS_CPU_0/REGISTER_FILE_2/s_state_reg_reg[4]_replica_6/C (clocked by sys_clk_pin) and MIPS_CPU_0/REGISTER_FILE_2/s_state_reg_reg[7]_replica/D (clocked by sys_clk_pin). Large setup violations at the end of those stages might be difficult to fix during the post-placement implementation flow and could be the result of non-optimal XDC constraints or non-optimal design architecture
Related violations: <none>

TIMING-16#62 Warning
Large setup violation  
There is a large setup violation of -1.562 ns between MIPS_CPU_0/REGISTER_FILE_2/s_state_reg_reg[4]_replica_6/C (clocked by sys_clk_pin) and MIPS_CPU_0/REGISTER_FILE_2/s_state_reg_reg[8]/D (clocked by sys_clk_pin). Large setup violations at the end of those stages might be difficult to fix during the post-placement implementation flow and could be the result of non-optimal XDC constraints or non-optimal design architecture
Related violations: <none>

TIMING-16#63 Warning
Large setup violation  
There is a large setup violation of -1.564 ns between MIPS_CPU_0/REGISTER_FILE_2/s_state_reg_reg[4]_replica_6/C (clocked by sys_clk_pin) and MIPS_CPU_0/REGISTER_FILE_2/s_state_reg_reg[8]_replica_1/D (clocked by sys_clk_pin). Large setup violations at the end of those stages might be difficult to fix during the post-placement implementation flow and could be the result of non-optimal XDC constraints or non-optimal design architecture
Related violations: <none>

TIMING-16#64 Warning
Large setup violation  
There is a large setup violation of -1.569 ns between MIPS_CPU_0/REGISTER_FILE_2/s_state_reg_reg[4]_replica_6/C (clocked by sys_clk_pin) and MIPS_CPU_0/REGISTER_FILE_2/s_state_reg_reg[3]/D (clocked by sys_clk_pin). Large setup violations at the end of those stages might be difficult to fix during the post-placement implementation flow and could be the result of non-optimal XDC constraints or non-optimal design architecture
Related violations: <none>

TIMING-16#65 Warning
Large setup violation  
There is a large setup violation of -1.574 ns between MIPS_CPU_0/REGISTER_FILE_2/s_state_reg_reg[4]_replica_6/C (clocked by sys_clk_pin) and MIPS_CPU_0/REGISTER_FILE_2/s_state_reg_reg[8]_replica_4/D (clocked by sys_clk_pin). Large setup violations at the end of those stages might be difficult to fix during the post-placement implementation flow and could be the result of non-optimal XDC constraints or non-optimal design architecture
Related violations: <none>

TIMING-16#66 Warning
Large setup violation  
There is a large setup violation of -1.576 ns between MIPS_CPU_0/REGISTER_FILE_2/s_state_reg_reg[4]_replica_6/C (clocked by sys_clk_pin) and MIPS_CPU_0/REGISTER_FILE_2/s_state_reg_reg[4]_replica_4/D (clocked by sys_clk_pin). Large setup violations at the end of those stages might be difficult to fix during the post-placement implementation flow and could be the result of non-optimal XDC constraints or non-optimal design architecture
Related violations: <none>

TIMING-16#67 Warning
Large setup violation  
There is a large setup violation of -1.577 ns between MIPS_CPU_0/REGISTER_FILE_2/s_state_reg_reg[4]_replica_6/C (clocked by sys_clk_pin) and MIPS_CPU_0/REGISTER_FILE_2/s_state_reg_reg[10]/D (clocked by sys_clk_pin). Large setup violations at the end of those stages might be difficult to fix during the post-placement implementation flow and could be the result of non-optimal XDC constraints or non-optimal design architecture
Related violations: <none>

TIMING-16#68 Warning
Large setup violation  
There is a large setup violation of -1.588 ns between MIPS_CPU_0/REGISTER_FILE_2/s_state_reg_reg[4]_replica_6/C (clocked by sys_clk_pin) and MIPS_CPU_0/REGISTER_FILE_2/s_state_reg_reg[8]_replica_3/D (clocked by sys_clk_pin). Large setup violations at the end of those stages might be difficult to fix during the post-placement implementation flow and could be the result of non-optimal XDC constraints or non-optimal design architecture
Related violations: <none>

TIMING-16#69 Warning
Large setup violation  
There is a large setup violation of -1.588 ns between MIPS_CPU_0/REGISTER_FILE_2/s_state_reg_reg[4]_replica_6/C (clocked by sys_clk_pin) and MIPS_CPU_0/REGISTER_FILE_2/s_state_reg_reg[9]_replica/D (clocked by sys_clk_pin). Large setup violations at the end of those stages might be difficult to fix during the post-placement implementation flow and could be the result of non-optimal XDC constraints or non-optimal design architecture
Related violations: <none>

TIMING-16#70 Warning
Large setup violation  
There is a large setup violation of -1.597 ns between MIPS_CPU_0/REGISTER_FILE_2/s_state_reg_reg[4]_replica_6/C (clocked by sys_clk_pin) and MIPS_CPU_0/REGISTER_FILE_2/s_state_reg_reg[8]_replica_2/D (clocked by sys_clk_pin). Large setup violations at the end of those stages might be difficult to fix during the post-placement implementation flow and could be the result of non-optimal XDC constraints or non-optimal design architecture
Related violations: <none>

TIMING-16#71 Warning
Large setup violation  
There is a large setup violation of -1.637 ns between MIPS_CPU_0/REGISTER_FILE_2/s_state_reg_reg[4]_replica/C (clocked by sys_clk_pin) and MIPS_CPU_0/REGISTER_FILE_2/s_state_reg_reg[9]_replica_4/D (clocked by sys_clk_pin). Large setup violations at the end of those stages might be difficult to fix during the post-placement implementation flow and could be the result of non-optimal XDC constraints or non-optimal design architecture
Related violations: <none>

TIMING-16#72 Warning
Large setup violation  
There is a large setup violation of -1.668 ns between MIPS_CPU_0/REGISTER_FILE_2/s_state_reg_reg[4]_replica/C (clocked by sys_clk_pin) and MIPS_CPU_0/REGISTER_FILE_2/s_state_reg_reg[8]_replica_5/D (clocked by sys_clk_pin). Large setup violations at the end of those stages might be difficult to fix during the post-placement implementation flow and could be the result of non-optimal XDC constraints or non-optimal design architecture
Related violations: <none>

TIMING-16#73 Warning
Large setup violation  
There is a large setup violation of -1.685 ns between MIPS_CPU_0/REGISTER_FILE_2/s_state_reg_reg[4]_replica_6/C (clocked by sys_clk_pin) and MIPS_CPU_0/REGISTER_FILE_2/s_state_reg_reg[9]/D (clocked by sys_clk_pin). Large setup violations at the end of those stages might be difficult to fix during the post-placement implementation flow and could be the result of non-optimal XDC constraints or non-optimal design architecture
Related violations: <none>

TIMING-16#74 Warning
Large setup violation  
There is a large setup violation of -1.688 ns between MIPS_CPU_0/REGISTER_FILE_2/s_state_reg_reg[4]_replica_6/C (clocked by sys_clk_pin) and MIPS_CPU_0/REGISTER_FILE_2/s_state_reg_reg[9]_replica_2/D (clocked by sys_clk_pin). Large setup violations at the end of those stages might be difficult to fix during the post-placement implementation flow and could be the result of non-optimal XDC constraints or non-optimal design architecture
Related violations: <none>

TIMING-16#75 Warning
Large setup violation  
There is a large setup violation of -1.689 ns between MIPS_CPU_0/REGISTER_FILE_2/s_state_reg_reg[4]_replica_6/C (clocked by sys_clk_pin) and MIPS_CPU_0/REGISTER_FILE_2/s_state_reg_reg[8]_replica/D (clocked by sys_clk_pin). Large setup violations at the end of those stages might be difficult to fix during the post-placement implementation flow and could be the result of non-optimal XDC constraints or non-optimal design architecture
Related violations: <none>

TIMING-16#76 Warning
Large setup violation  
There is a large setup violation of -1.723 ns between MIPS_CPU_0/REGISTER_FILE_2/s_state_reg_reg[4]_replica_6/C (clocked by sys_clk_pin) and MIPS_CPU_0/REGISTER_FILE_2/s_state_reg_reg[4]_replica_3/D (clocked by sys_clk_pin). Large setup violations at the end of those stages might be difficult to fix during the post-placement implementation flow and could be the result of non-optimal XDC constraints or non-optimal design architecture
Related violations: <none>

TIMING-16#77 Warning
Large setup violation  
There is a large setup violation of -1.736 ns between MIPS_CPU_0/REGISTER_FILE_2/s_state_reg_reg[4]_replica_6/C (clocked by sys_clk_pin) and MIPS_CPU_0/REGISTER_FILE_2/s_state_reg_reg[4]/D (clocked by sys_clk_pin). Large setup violations at the end of those stages might be difficult to fix during the post-placement implementation flow and could be the result of non-optimal XDC constraints or non-optimal design architecture
Related violations: <none>

TIMING-16#78 Warning
Large setup violation  
There is a large setup violation of -1.801 ns between MIPS_CPU_0/REGISTER_FILE_2/s_state_reg_reg[4]_replica_6/C (clocked by sys_clk_pin) and MIPS_CPU_0/REGISTER_FILE_2/s_state_reg_reg[4]_replica/D (clocked by sys_clk_pin). Large setup violations at the end of those stages might be difficult to fix during the post-placement implementation flow and could be the result of non-optimal XDC constraints or non-optimal design architecture
Related violations: <none>

TIMING-18#1 Warning
Missing input or output delay  
An input delay is missing on FPGA_INPUT_PIN_0 relative to clock(s) sys_clk_pin
Related violations: <none>

TIMING-18#2 Warning
Missing input or output delay  
An input delay is missing on FPGA_INPUT_PIN_1 relative to clock(s) sys_clk_pin
Related violations: <none>

TIMING-18#3 Warning
Missing input or output delay  
An output delay is missing on FPGA_OUTPUT_PIN_1[0] relative to clock(s) sys_clk_pin
Related violations: <none>

TIMING-18#4 Warning
Missing input or output delay  
An output delay is missing on FPGA_OUTPUT_PIN_1[1] relative to clock(s) sys_clk_pin
Related violations: <none>

TIMING-18#5 Warning
Missing input or output delay  
An output delay is missing on FPGA_OUTPUT_PIN_1[2] relative to clock(s) sys_clk_pin
Related violations: <none>

TIMING-18#6 Warning
Missing input or output delay  
An output delay is missing on FPGA_OUTPUT_PIN_1[3] relative to clock(s) sys_clk_pin
Related violations: <none>

TIMING-18#7 Warning
Missing input or output delay  
An output delay is missing on FPGA_OUTPUT_PIN_1[4] relative to clock(s) sys_clk_pin
Related violations: <none>

TIMING-18#8 Warning
Missing input or output delay  
An output delay is missing on FPGA_OUTPUT_PIN_1[5] relative to clock(s) sys_clk_pin
Related violations: <none>

TIMING-18#9 Warning
Missing input or output delay  
An output delay is missing on FPGA_OUTPUT_PIN_1[6] relative to clock(s) sys_clk_pin
Related violations: <none>

TIMING-18#10 Warning
Missing input or output delay  
An output delay is missing on FPGA_OUTPUT_PIN_1[7] relative to clock(s) sys_clk_pin
Related violations: <none>


